wandb: Currently logged in as: k-birgi. Use `wandb login --relogin` to force relogin
wandb: Tracking run with wandb version 0.15.12
wandb: Run data is saved locally in /cluster/home/kbirgi/yolact_BscThesis/wandb/run-20231111_230011-zvwums2q
wandb: Run `wandb offline` to turn off syncing.
wandb: Syncing run upbeat-water-5
wandb: ⭐️ View project at https://wandb.ai/k-birgi/BscThesis
wandb: 🚀 View run at https://wandb.ai/k-birgi/BscThesis/runs/zvwums2q
/cluster/apps/nss/gcc-8.2.0/python/3.11.2/x86_64/lib64/python3.11/site-packages/torch/jit/_recursive.py:260: UserWarning: 'pred_layers' was found in ScriptModule constants,  but it is a non-constant submodule. Consider removing it.
  warnings.warn("'{}' was found in ScriptModule constants, "
/cluster/apps/nss/gcc-8.2.0/python/3.11.2/x86_64/lib64/python3.11/site-packages/torch/jit/_recursive.py:260: UserWarning: 'lat_layers' was found in ScriptModule constants,  but it is a non-constant submodule. Consider removing it.
  warnings.warn("'{}' was found in ScriptModule constants, "
/cluster/apps/nss/gcc-8.2.0/python/3.11.2/x86_64/lib64/python3.11/site-packages/torch/jit/_recursive.py:260: UserWarning: 'downsample_layers' was found in ScriptModule constants,  but it is a non-constant submodule. Consider removing it.
  warnings.warn("'{}' was found in ScriptModule constants, "
loading annotations into memory...
Done (t=0.10s)
creating index...
index created!
loading annotations into memory...
Done (t=0.04s)
creating index...
index created!
Initializing weights...
Begin training!

/cluster/home/kbirgi/yolact_BscThesis/utils/augmentations.py:309: VisibleDeprecationWarning: Creating an ndarray from ragged nested sequences (which is a list-or-tuple of lists-or-tuples-or ndarrays with different lengths or shapes) is deprecated. If you meant to do this, you must specify 'dtype=object' when creating the ndarray.
  mode = random.choice(self.sample_options)
wandb: Network error (TransientError), entering retry loop.
[  0]       0 || B: 5.880 | C: 16.697 | M: 4.463 | S: 9.814 | T: 36.854 || ETA: 1:30:23 || timer: 10.846
/cluster/home/kbirgi/yolact_BscThesis/utils/augmentations.py:309: VisibleDeprecationWarning: Creating an ndarray from ragged nested sequences (which is a list-or-tuple of lists-or-tuples-or ndarrays with different lengths or shapes) is deprecated. If you meant to do this, you must specify 'dtype=object' when creating the ndarray.
  mode = random.choice(self.sample_options)
[  1]      10 || B: 4.314 | C: 11.850 | M: 4.172 | S: 6.465 | T: 26.800 || ETA: 0:23:14 || timer: 2.325
/cluster/home/kbirgi/yolact_BscThesis/utils/augmentations.py:309: VisibleDeprecationWarning: Creating an ndarray from ragged nested sequences (which is a list-or-tuple of lists-or-tuples-or ndarrays with different lengths or shapes) is deprecated. If you meant to do this, you must specify 'dtype=object' when creating the ndarray.
  mode = random.choice(self.sample_options)

Computing validation mAP (this may take a while)...


Calculating mAP...

       |  all  |  .50  |  .55  |  .60  |  .65  |  .70  |  .75  |  .80  |  .85  |  .90  |  .95  |
-------+-------+-------+-------+-------+-------+-------+-------+-------+-------+-------+-------+
   box |  0.09 |  0.37 |  0.37 |  0.09 |  0.03 |  0.00 |  0.00 |  0.00 |  0.00 |  0.00 |  0.00 |
  mask |  0.00 |  0.00 |  0.00 |  0.00 |  0.00 |  0.00 |  0.00 |  0.00 |  0.00 |  0.00 |  0.00 |
-------+-------+-------+-------+-------+-------+-------+-------+-------+-------+-------+-------+

/cluster/home/kbirgi/yolact_BscThesis/utils/augmentations.py:309: VisibleDeprecationWarning: Creating an ndarray from ragged nested sequences (which is a list-or-tuple of lists-or-tuples-or ndarrays with different lengths or shapes) is deprecated. If you meant to do this, you must specify 'dtype=object' when creating the ndarray.
  mode = random.choice(self.sample_options)
[  3]      20 || B: 4.191 | C: 9.638 | M: 3.732 | S: 4.098 | T: 21.659 || ETA: 0:24:07 || timer: 2.015
/cluster/home/kbirgi/yolact_BscThesis/utils/augmentations.py:309: VisibleDeprecationWarning: Creating an ndarray from ragged nested sequences (which is a list-or-tuple of lists-or-tuples-or ndarrays with different lengths or shapes) is deprecated. If you meant to do this, you must specify 'dtype=object' when creating the ndarray.
  mode = random.choice(self.sample_options)

Computing validation mAP (this may take a while)...


Calculating mAP...

       |  all  |  .50  |  .55  |  .60  |  .65  |  .70  |  .75  |  .80  |  .85  |  .90  |  .95  |
-------+-------+-------+-------+-------+-------+-------+-------+-------+-------+-------+-------+
   box |  0.14 |  0.69 |  0.46 |  0.25 |  0.02 |  0.00 |  0.00 |  0.00 |  0.00 |  0.00 |  0.00 |
  mask |  0.00 |  0.00 |  0.00 |  0.00 |  0.00 |  0.00 |  0.00 |  0.00 |  0.00 |  0.00 |  0.00 |
-------+-------+-------+-------+-------+-------+-------+-------+-------+-------+-------+-------+

/cluster/home/kbirgi/yolact_BscThesis/utils/augmentations.py:309: VisibleDeprecationWarning: Creating an ndarray from ragged nested sequences (which is a list-or-tuple of lists-or-tuples-or ndarrays with different lengths or shapes) is deprecated. If you meant to do this, you must specify 'dtype=object' when creating the ndarray.
  mode = random.choice(self.sample_options)
[  5]      30 || B: 3.988 | C: 8.183 | M: 3.499 | S: 2.918 | T: 18.589 || ETA: 0:24:05 || timer: 5.687
/cluster/home/kbirgi/yolact_BscThesis/utils/augmentations.py:309: VisibleDeprecationWarning: Creating an ndarray from ragged nested sequences (which is a list-or-tuple of lists-or-tuples-or ndarrays with different lengths or shapes) is deprecated. If you meant to do this, you must specify 'dtype=object' when creating the ndarray.
  mode = random.choice(self.sample_options)
[  6]      40 || B: 3.827 | C: 7.046 | M: 3.238 | S: 2.255 | T: 16.366 || ETA: 0:22:29 || timer: 2.367

Computing validation mAP (this may take a while)...


Calculating mAP...

       |  all  |  .50  |  .55  |  .60  |  .65  |  .70  |  .75  |  .80  |  .85  |  .90  |  .95  |
-------+-------+-------+-------+-------+-------+-------+-------+-------+-------+-------+-------+
   box |  0.58 |  1.64 |  1.18 |  1.18 |  1.16 |  0.33 |  0.16 |  0.11 |  0.08 |  0.00 |  0.00 |
  mask |  0.00 |  0.00 |  0.00 |  0.00 |  0.00 |  0.00 |  0.00 |  0.00 |  0.00 |  0.00 |  0.00 |
-------+-------+-------+-------+-------+-------+-------+-------+-------+-------+-------+-------+

/cluster/home/kbirgi/yolact_BscThesis/utils/augmentations.py:309: VisibleDeprecationWarning: Creating an ndarray from ragged nested sequences (which is a list-or-tuple of lists-or-tuples-or ndarrays with different lengths or shapes) is deprecated. If you meant to do this, you must specify 'dtype=object' when creating the ndarray.
  mode = random.choice(self.sample_options)
/cluster/home/kbirgi/yolact_BscThesis/utils/augmentations.py:309: VisibleDeprecationWarning: Creating an ndarray from ragged nested sequences (which is a list-or-tuple of lists-or-tuples-or ndarrays with different lengths or shapes) is deprecated. If you meant to do this, you must specify 'dtype=object' when creating the ndarray.
  mode = random.choice(self.sample_options)
[  8]      50 || B: 3.624 | C: 6.170 | M: 3.009 | S: 1.839 | T: 14.641 || ETA: 0:21:40 || timer: 1.882

Computing validation mAP (this may take a while)...


Calculating mAP...

       |  all  |  .50  |  .55  |  .60  |  .65  |  .70  |  .75  |  .80  |  .85  |  .90  |  .95  |
-------+-------+-------+-------+-------+-------+-------+-------+-------+-------+-------+-------+
   box |  4.32 |  9.13 |  9.13 |  8.81 |  6.60 |  5.74 |  2.96 |  0.61 |  0.24 |  0.00 |  0.00 |
  mask |  0.00 |  0.00 |  0.00 |  0.00 |  0.00 |  0.00 |  0.00 |  0.00 |  0.00 |  0.00 |  0.00 |
-------+-------+-------+-------+-------+-------+-------+-------+-------+-------+-------+-------+

/cluster/home/kbirgi/yolact_BscThesis/utils/augmentations.py:309: VisibleDeprecationWarning: Creating an ndarray from ragged nested sequences (which is a list-or-tuple of lists-or-tuples-or ndarrays with different lengths or shapes) is deprecated. If you meant to do this, you must specify 'dtype=object' when creating the ndarray.
  mode = random.choice(self.sample_options)
